vtype id assign num semi $
---------------steps :0---------------
stack : 0
tokens : [('id', 'a'), ('assign', '='), ('num', '0'), ('semi', ';')]
## state :0| token :vtype| action :s5
---------------steps :1---------------
stack : 0, 'vtype', 5
tokens : [('assign', '='), ('num', '0'), ('semi', ';')]
## state :5| token :id| action :s10
---------------steps :2---------------
stack : 0, 'vtype', 5, 'id', 10
tokens : [('num', '0'), ('semi', ';')]
## state :10| token :assign| action :s15
---------------steps :3---------------
stack : 0, 'vtype', 5, 'id', 10, 'assign', 15
tokens : [('semi', ';')]
## state :15| token :num| action :s29
---------------steps :4---------------
stack : 0, 'vtype', 5, 'id', 10, 'assign', 15, 'num', 29
tokens : []
## state :29| token :semi| action :r18
---------------steps :5---------------
stack : 0, 'vtype', 5, 'id', 10, 'assign', 15, 'EXPRF'
tokens : []
## state :15| token :EXPRF| action :26
---------------steps :6---------------
stack : 0, 'vtype', 5, 'id', 10, 'assign', 15, 'EXPRF', 26
tokens : []
## state :26| token :semi| action :r15
---------------steps :7---------------
stack : 0, 'vtype', 5, 'id', 10, 'assign', 15, 'EXPRT'
tokens : []
## state :15| token :EXPRT| action :25
---------------steps :8---------------
stack : 0, 'vtype', 5, 'id', 10, 'assign', 15, 'EXPRT', 25
tokens : []
## state :25| token :semi| action :r13
---------------steps :9---------------
stack : 0, 'vtype', 5, 'id', 10, 'assign', 15, 'EXPR'
tokens : []
## state :15| token :EXPR| action :21
---------------steps :10---------------
stack : 0, 'vtype', 5, 'id', 10, 'assign', 15, 'EXPR', 21
tokens : []
## state :21| token :semi| action :r8
---------------steps :11---------------
stack : 0, 'vtype', 5, 'id', 10, 'assign', 15, 'RHS'
tokens : []
## state :15| token :RHS| action :20
---------------steps :12---------------
stack : 0, 'vtype', 5, 'id', 10, 'assign', 15, 'RHS', 20
tokens : []
## state :20| token :semi| action :r7
---------------steps :13---------------
stack : 0, 'vtype', 5, 'ASSIGN'
tokens : []
## state :5| token :ASSIGN| action :11
---------------steps :14---------------
stack : 0, 'vtype', 5, 'ASSIGN', 11
tokens : []
## state :11| token :semi| action :s16
---------------steps :15---------------
stack : 0, 'vtype', 5, 'ASSIGN', 11, 'semi', 16
tokens : []
## state :16| token :$| action :r6
---------------steps :16---------------
stack : 0, 'VDECL'
tokens : []
## state :0| token :VDECL| action :2
---------------steps :17---------------
stack : 0, 'VDECL', 2
tokens : []
## state :2| token :$| action :r4
---------------steps :18---------------
stack : 0, 'VDECL', 2, 'CODE'
tokens : []
## state :2| token :CODE| action :7
---------------steps :19---------------
stack : 0, 'VDECL', 2, 'CODE', 7
tokens : []
## state :7| token :$| action :r1
---------------steps :20---------------
stack : 0, 'CODE'
tokens : []
## state :0| token :CODE| action :1
---------------steps :21---------------
stack : 0, 'CODE', 1
tokens : []
## state :1| token :$| action :acc
----------------accept!----------------
