vtype id lparen vtype id comma vtype id rparen lbrace vtype id assign num semi id assign id multdiv id semi if lparen id comp id rparen lbrace id assign id addsub id semi rbrace return id semi rbrace $
---------------steps :0---------------
stack : 0
tokens : [('id', 'main'), ('lparen', '('), ('vtype', 'int'), ('id', 'x'), ('comma', ','), ('vtype', 'int'), ('id', 'y'), ('rparen', ')'), ('lbrace', '{'), ('vtype', 'int'), ('id', 'temp'), ('assign', '='), ('num', '0'), ('semi', ';'), ('id', 'temp'), ('assign', '='), ('id', 'x'), ('multdiv', '*'), ('id', 'y'), ('semi', ';'), ('if', 'if'), ('lparen', '('), ('id', 'true'), ('comp', '=='), ('id', 'true'), ('rparen', ')'), ('lbrace', '{'), ('id', 'temp'), ('assign', '='), ('id', 'x'), ('addsub', '+'), ('id', 'y'), ('semi', ';'), ('rbrace', '}'), ('return', 'return'), ('id', 'true'), ('semi', ';'), ('rbrace', '}')]
## state :0| token :vtype| action :s5
---------------steps :1---------------
stack : 0, 'vtype', 5
tokens : [('lparen', '('), ('vtype', 'int'), ('id', 'x'), ('comma', ','), ('vtype', 'int'), ('id', 'y'), ('rparen', ')'), ('lbrace', '{'), ('vtype', 'int'), ('id', 'temp'), ('assign', '='), ('num', '0'), ('semi', ';'), ('id', 'temp'), ('assign', '='), ('id', 'x'), ('multdiv', '*'), ('id', 'y'), ('semi', ';'), ('if', 'if'), ('lparen', '('), ('id', 'true'), ('comp', '=='), ('id', 'true'), ('rparen', ')'), ('lbrace', '{'), ('id', 'temp'), ('assign', '='), ('id', 'x'), ('addsub', '+'), ('id', 'y'), ('semi', ';'), ('rbrace', '}'), ('return', 'return'), ('id', 'true'), ('semi', ';'), ('rbrace', '}')]
## state :5| token :id| action :s10
---------------steps :2---------------
stack : 0, 'vtype', 5, 'id', 10
tokens : [('vtype', 'int'), ('id', 'x'), ('comma', ','), ('vtype', 'int'), ('id', 'y'), ('rparen', ')'), ('lbrace', '{'), ('vtype', 'int'), ('id', 'temp'), ('assign', '='), ('num', '0'), ('semi', ';'), ('id', 'temp'), ('assign', '='), ('id', 'x'), ('multdiv', '*'), ('id', 'y'), ('semi', ';'), ('if', 'if'), ('lparen', '('), ('id', 'true'), ('comp', '=='), ('id', 'true'), ('rparen', ')'), ('lbrace', '{'), ('id', 'temp'), ('assign', '='), ('id', 'x'), ('addsub', '+'), ('id', 'y'), ('semi', ';'), ('rbrace', '}'), ('return', 'return'), ('id', 'true'), ('semi', ';'), ('rbrace', '}')]
## state :10| token :lparen| action :s14
---------------steps :3---------------
stack : 0, 'vtype', 5, 'id', 10, 'lparen', 14
tokens : [('id', 'x'), ('comma', ','), ('vtype', 'int'), ('id', 'y'), ('rparen', ')'), ('lbrace', '{'), ('vtype', 'int'), ('id', 'temp'), ('assign', '='), ('num', '0'), ('semi', ';'), ('id', 'temp'), ('assign', '='), ('id', 'x'), ('multdiv', '*'), ('id', 'y'), ('semi', ';'), ('if', 'if'), ('lparen', '('), ('id', 'true'), ('comp', '=='), ('id', 'true'), ('rparen', ')'), ('lbrace', '{'), ('id', 'temp'), ('assign', '='), ('id', 'x'), ('addsub', '+'), ('id', 'y'), ('semi', ';'), ('rbrace', '}'), ('return', 'return'), ('id', 'true'), ('semi', ';'), ('rbrace', '}')]
## state :14| token :vtype| action :s19
---------------steps :4---------------
stack : 0, 'vtype', 5, 'id', 10, 'lparen', 14, 'vtype', 19
tokens : [('comma', ','), ('vtype', 'int'), ('id', 'y'), ('rparen', ')'), ('lbrace', '{'), ('vtype', 'int'), ('id', 'temp'), ('assign', '='), ('num', '0'), ('semi', ';'), ('id', 'temp'), ('assign', '='), ('id', 'x'), ('multdiv', '*'), ('id', 'y'), ('semi', ';'), ('if', 'if'), ('lparen', '('), ('id', 'true'), ('comp', '=='), ('id', 'true'), ('rparen', ')'), ('lbrace', '{'), ('id', 'temp'), ('assign', '='), ('id', 'x'), ('addsub', '+'), ('id', 'y'), ('semi', ';'), ('rbrace', '}'), ('return', 'return'), ('id', 'true'), ('semi', ';'), ('rbrace', '}')]
## state :19| token :id| action :s34
---------------steps :5---------------
stack : 0, 'vtype', 5, 'id', 10, 'lparen', 14, 'vtype', 19, 'id', 34
tokens : [('vtype', 'int'), ('id', 'y'), ('rparen', ')'), ('lbrace', '{'), ('vtype', 'int'), ('id', 'temp'), ('assign', '='), ('num', '0'), ('semi', ';'), ('id', 'temp'), ('assign', '='), ('id', 'x'), ('multdiv', '*'), ('id', 'y'), ('semi', ';'), ('if', 'if'), ('lparen', '('), ('id', 'true'), ('comp', '=='), ('id', 'true'), ('rparen', ')'), ('lbrace', '{'), ('id', 'temp'), ('assign', '='), ('id', 'x'), ('addsub', '+'), ('id', 'y'), ('semi', ';'), ('rbrace', '}'), ('return', 'return'), ('id', 'true'), ('semi', ';'), ('rbrace', '}')]
## state :34| token :comma| action :s43
---------------steps :6---------------
stack : 0, 'vtype', 5, 'id', 10, 'lparen', 14, 'vtype', 19, 'id', 34, 'comma', 43
tokens : [('id', 'y'), ('rparen', ')'), ('lbrace', '{'), ('vtype', 'int'), ('id', 'temp'), ('assign', '='), ('num', '0'), ('semi', ';'), ('id', 'temp'), ('assign', '='), ('id', 'x'), ('multdiv', '*'), ('id', 'y'), ('semi', ';'), ('if', 'if'), ('lparen', '('), ('id', 'true'), ('comp', '=='), ('id', 'true'), ('rparen', ')'), ('lbrace', '{'), ('id', 'temp'), ('assign', '='), ('id', 'x'), ('addsub', '+'), ('id', 'y'), ('semi', ';'), ('rbrace', '}'), ('return', 'return'), ('id', 'true'), ('semi', ';'), ('rbrace', '}')]
## state :43| token :vtype| action :s55
---------------steps :7---------------
stack : 0, 'vtype', 5, 'id', 10, 'lparen', 14, 'vtype', 19, 'id', 34, 'comma', 43, 'vtype', 55
tokens : [('rparen', ')'), ('lbrace', '{'), ('vtype', 'int'), ('id', 'temp'), ('assign', '='), ('num', '0'), ('semi', ';'), ('id', 'temp'), ('assign', '='), ('id', 'x'), ('multdiv', '*'), ('id', 'y'), ('semi', ';'), ('if', 'if'), ('lparen', '('), ('id', 'true'), ('comp', '=='), ('id', 'true'), ('rparen', ')'), ('lbrace', '{'), ('id', 'temp'), ('assign', '='), ('id', 'x'), ('addsub', '+'), ('id', 'y'), ('semi', ';'), ('rbrace', '}'), ('return', 'return'), ('id', 'true'), ('semi', ';'), ('rbrace', '}')]
## state :55| token :id| action :s63
---------------steps :8---------------
stack : 0, 'vtype', 5, 'id', 10, 'lparen', 14, 'vtype', 19, 'id', 34, 'comma', 43, 'vtype', 55, 'id', 63
tokens : [('lbrace', '{'), ('vtype', 'int'), ('id', 'temp'), ('assign', '='), ('num', '0'), ('semi', ';'), ('id', 'temp'), ('assign', '='), ('id', 'x'), ('multdiv', '*'), ('id', 'y'), ('semi', ';'), ('if', 'if'), ('lparen', '('), ('id', 'true'), ('comp', '=='), ('id', 'true'), ('rparen', ')'), ('lbrace', '{'), ('id', 'temp'), ('assign', '='), ('id', 'x'), ('addsub', '+'), ('id', 'y'), ('semi', ';'), ('rbrace', '}'), ('return', 'return'), ('id', 'true'), ('semi', ';'), ('rbrace', '}')]
## state :63| token :rparen| action :r23
---------------steps :9---------------
stack : 0, 'vtype', 5, 'id', 10, 'lparen', 14, 'vtype', 19, 'id', 34, 'comma', 43, 'vtype', 55, 'id', 63, 'MOREARGS'
tokens : [('lbrace', '{'), ('vtype', 'int'), ('id', 'temp'), ('assign', '='), ('num', '0'), ('semi', ';'), ('id', 'temp'), ('assign', '='), ('id', 'x'), ('multdiv', '*'), ('id', 'y'), ('semi', ';'), ('if', 'if'), ('lparen', '('), ('id', 'true'), ('comp', '=='), ('id', 'true'), ('rparen', ')'), ('lbrace', '{'), ('id', 'temp'), ('assign', '='), ('id', 'x'), ('addsub', '+'), ('id', 'y'), ('semi', ';'), ('rbrace', '}'), ('return', 'return'), ('id', 'true'), ('semi', ';'), ('rbrace', '}')]
## state :63| token :MOREARGS| action :70
---------------steps :10---------------
stack : 0, 'vtype', 5, 'id', 10, 'lparen', 14, 'vtype', 19, 'id', 34, 'comma', 43, 'vtype', 55, 'id', 63, 'MOREARGS', 70
tokens : [('lbrace', '{'), ('vtype', 'int'), ('id', 'temp'), ('assign', '='), ('num', '0'), ('semi', ';'), ('id', 'temp'), ('assign', '='), ('id', 'x'), ('multdiv', '*'), ('id', 'y'), ('semi', ';'), ('if', 'if'), ('lparen', '('), ('id', 'true'), ('comp', '=='), ('id', 'true'), ('rparen', ')'), ('lbrace', '{'), ('id', 'temp'), ('assign', '='), ('id', 'x'), ('addsub', '+'), ('id', 'y'), ('semi', ';'), ('rbrace', '}'), ('return', 'return'), ('id', 'true'), ('semi', ';'), ('rbrace', '}')]
## state :70| token :rparen| action :r22
---------------steps :11---------------
stack : 0, 'vtype', 5, 'id', 10, 'lparen', 14, 'vtype', 19, 'id', 34, 'MOREARGS'
tokens : [('lbrace', '{'), ('vtype', 'int'), ('id', 'temp'), ('assign', '='), ('num', '0'), ('semi', ';'), ('id', 'temp'), ('assign', '='), ('id', 'x'), ('multdiv', '*'), ('id', 'y'), ('semi', ';'), ('if', 'if'), ('lparen', '('), ('id', 'true'), ('comp', '=='), ('id', 'true'), ('rparen', ')'), ('lbrace', '{'), ('id', 'temp'), ('assign', '='), ('id', 'x'), ('addsub', '+'), ('id', 'y'), ('semi', ';'), ('rbrace', '}'), ('return', 'return'), ('id', 'true'), ('semi', ';'), ('rbrace', '}')]
## state :34| token :MOREARGS| action :42
---------------steps :12---------------
stack : 0, 'vtype', 5, 'id', 10, 'lparen', 14, 'vtype', 19, 'id', 34, 'MOREARGS', 42
tokens : [('lbrace', '{'), ('vtype', 'int'), ('id', 'temp'), ('assign', '='), ('num', '0'), ('semi', ';'), ('id', 'temp'), ('assign', '='), ('id', 'x'), ('multdiv', '*'), ('id', 'y'), ('semi', ';'), ('if', 'if'), ('lparen', '('), ('id', 'true'), ('comp', '=='), ('id', 'true'), ('rparen', ')'), ('lbrace', '{'), ('id', 'temp'), ('assign', '='), ('id', 'x'), ('addsub', '+'), ('id', 'y'), ('semi', ';'), ('rbrace', '}'), ('return', 'return'), ('id', 'true'), ('semi', ';'), ('rbrace', '}')]
## state :42| token :rparen| action :r20
---------------steps :13---------------
stack : 0, 'vtype', 5, 'id', 10, 'lparen', 14, 'ARG'
tokens : [('lbrace', '{'), ('vtype', 'int'), ('id', 'temp'), ('assign', '='), ('num', '0'), ('semi', ';'), ('id', 'temp'), ('assign', '='), ('id', 'x'), ('multdiv', '*'), ('id', 'y'), ('semi', ';'), ('if', 'if'), ('lparen', '('), ('id', 'true'), ('comp', '=='), ('id', 'true'), ('rparen', ')'), ('lbrace', '{'), ('id', 'temp'), ('assign', '='), ('id', 'x'), ('addsub', '+'), ('id', 'y'), ('semi', ';'), ('rbrace', '}'), ('return', 'return'), ('id', 'true'), ('semi', ';'), ('rbrace', '}')]
## state :14| token :ARG| action :18
---------------steps :14---------------
stack : 0, 'vtype', 5, 'id', 10, 'lparen', 14, 'ARG', 18
tokens : [('lbrace', '{'), ('vtype', 'int'), ('id', 'temp'), ('assign', '='), ('num', '0'), ('semi', ';'), ('id', 'temp'), ('assign', '='), ('id', 'x'), ('multdiv', '*'), ('id', 'y'), ('semi', ';'), ('if', 'if'), ('lparen', '('), ('id', 'true'), ('comp', '=='), ('id', 'true'), ('rparen', ')'), ('lbrace', '{'), ('id', 'temp'), ('assign', '='), ('id', 'x'), ('addsub', '+'), ('id', 'y'), ('semi', ';'), ('rbrace', '}'), ('return', 'return'), ('id', 'true'), ('semi', ';'), ('rbrace', '}')]
## state :18| token :rparen| action :s33
---------------steps :15---------------
stack : 0, 'vtype', 5, 'id', 10, 'lparen', 14, 'ARG', 18, 'rparen', 33
tokens : [('vtype', 'int'), ('id', 'temp'), ('assign', '='), ('num', '0'), ('semi', ';'), ('id', 'temp'), ('assign', '='), ('id', 'x'), ('multdiv', '*'), ('id', 'y'), ('semi', ';'), ('if', 'if'), ('lparen', '('), ('id', 'true'), ('comp', '=='), ('id', 'true'), ('rparen', ')'), ('lbrace', '{'), ('id', 'temp'), ('assign', '='), ('id', 'x'), ('addsub', '+'), ('id', 'y'), ('semi', ';'), ('rbrace', '}'), ('return', 'return'), ('id', 'true'), ('semi', ';'), ('rbrace', '}')]
## state :33| token :lbrace| action :s41
---------------steps :16---------------
stack : 0, 'vtype', 5, 'id', 10, 'lparen', 14, 'ARG', 18, 'rparen', 33, 'lbrace', 41
tokens : [('id', 'temp'), ('assign', '='), ('num', '0'), ('semi', ';'), ('id', 'temp'), ('assign', '='), ('id', 'x'), ('multdiv', '*'), ('id', 'y'), ('semi', ';'), ('if', 'if'), ('lparen', '('), ('id', 'true'), ('comp', '=='), ('id', 'true'), ('rparen', ')'), ('lbrace', '{'), ('id', 'temp'), ('assign', '='), ('id', 'x'), ('addsub', '+'), ('id', 'y'), ('semi', ';'), ('rbrace', '}'), ('return', 'return'), ('id', 'true'), ('semi', ';'), ('rbrace', '}')]
## state :41| token :vtype| action :s53
---------------steps :17---------------
stack : 0, 'vtype', 5, 'id', 10, 'lparen', 14, 'ARG', 18, 'rparen', 33, 'lbrace', 41, 'vtype', 53
tokens : [('assign', '='), ('num', '0'), ('semi', ';'), ('id', 'temp'), ('assign', '='), ('id', 'x'), ('multdiv', '*'), ('id', 'y'), ('semi', ';'), ('if', 'if'), ('lparen', '('), ('id', 'true'), ('comp', '=='), ('id', 'true'), ('rparen', ')'), ('lbrace', '{'), ('id', 'temp'), ('assign', '='), ('id', 'x'), ('addsub', '+'), ('id', 'y'), ('semi', ';'), ('rbrace', '}'), ('return', 'return'), ('id', 'true'), ('semi', ';'), ('rbrace', '}')]
## state :53| token :id| action :s62
---------------steps :18---------------
stack : 0, 'vtype', 5, 'id', 10, 'lparen', 14, 'ARG', 18, 'rparen', 33, 'lbrace', 41, 'vtype', 53, 'id', 62
tokens : [('num', '0'), ('semi', ';'), ('id', 'temp'), ('assign', '='), ('id', 'x'), ('multdiv', '*'), ('id', 'y'), ('semi', ';'), ('if', 'if'), ('lparen', '('), ('id', 'true'), ('comp', '=='), ('id', 'true'), ('rparen', ')'), ('lbrace', '{'), ('id', 'temp'), ('assign', '='), ('id', 'x'), ('addsub', '+'), ('id', 'y'), ('semi', ';'), ('rbrace', '}'), ('return', 'return'), ('id', 'true'), ('semi', ';'), ('rbrace', '}')]
## state :62| token :assign| action :s15
---------------steps :19---------------
stack : 0, 'vtype', 5, 'id', 10, 'lparen', 14, 'ARG', 18, 'rparen', 33, 'lbrace', 41, 'vtype', 53, 'id', 62, 'assign', 15
tokens : [('semi', ';'), ('id', 'temp'), ('assign', '='), ('id', 'x'), ('multdiv', '*'), ('id', 'y'), ('semi', ';'), ('if', 'if'), ('lparen', '('), ('id', 'true'), ('comp', '=='), ('id', 'true'), ('rparen', ')'), ('lbrace', '{'), ('id', 'temp'), ('assign', '='), ('id', 'x'), ('addsub', '+'), ('id', 'y'), ('semi', ';'), ('rbrace', '}'), ('return', 'return'), ('id', 'true'), ('semi', ';'), ('rbrace', '}')]
## state :15| token :num| action :s29
---------------steps :20---------------
stack : 0, 'vtype', 5, 'id', 10, 'lparen', 14, 'ARG', 18, 'rparen', 33, 'lbrace', 41, 'vtype', 53, 'id', 62, 'assign', 15, 'num', 29
tokens : [('id', 'temp'), ('assign', '='), ('id', 'x'), ('multdiv', '*'), ('id', 'y'), ('semi', ';'), ('if', 'if'), ('lparen', '('), ('id', 'true'), ('comp', '=='), ('id', 'true'), ('rparen', ')'), ('lbrace', '{'), ('id', 'temp'), ('assign', '='), ('id', 'x'), ('addsub', '+'), ('id', 'y'), ('semi', ';'), ('rbrace', '}'), ('return', 'return'), ('id', 'true'), ('semi', ';'), ('rbrace', '}')]
## state :29| token :semi| action :r18
---------------steps :21---------------
stack : 0, 'vtype', 5, 'id', 10, 'lparen', 14, 'ARG', 18, 'rparen', 33, 'lbrace', 41, 'vtype', 53, 'id', 62, 'assign', 15, 'EXPRF'
tokens : [('id', 'temp'), ('assign', '='), ('id', 'x'), ('multdiv', '*'), ('id', 'y'), ('semi', ';'), ('if', 'if'), ('lparen', '('), ('id', 'true'), ('comp', '=='), ('id', 'true'), ('rparen', ')'), ('lbrace', '{'), ('id', 'temp'), ('assign', '='), ('id', 'x'), ('addsub', '+'), ('id', 'y'), ('semi', ';'), ('rbrace', '}'), ('return', 'return'), ('id', 'true'), ('semi', ';'), ('rbrace', '}')]
## state :15| token :EXPRF| action :26
---------------steps :22---------------
stack : 0, 'vtype', 5, 'id', 10, 'lparen', 14, 'ARG', 18, 'rparen', 33, 'lbrace', 41, 'vtype', 53, 'id', 62, 'assign', 15, 'EXPRF', 26
tokens : [('id', 'temp'), ('assign', '='), ('id', 'x'), ('multdiv', '*'), ('id', 'y'), ('semi', ';'), ('if', 'if'), ('lparen', '('), ('id', 'true'), ('comp', '=='), ('id', 'true'), ('rparen', ')'), ('lbrace', '{'), ('id', 'temp'), ('assign', '='), ('id', 'x'), ('addsub', '+'), ('id', 'y'), ('semi', ';'), ('rbrace', '}'), ('return', 'return'), ('id', 'true'), ('semi', ';'), ('rbrace', '}')]
## state :26| token :semi| action :r15
---------------steps :23---------------
stack : 0, 'vtype', 5, 'id', 10, 'lparen', 14, 'ARG', 18, 'rparen', 33, 'lbrace', 41, 'vtype', 53, 'id', 62, 'assign', 15, 'EXPRT'
tokens : [('id', 'temp'), ('assign', '='), ('id', 'x'), ('multdiv', '*'), ('id', 'y'), ('semi', ';'), ('if', 'if'), ('lparen', '('), ('id', 'true'), ('comp', '=='), ('id', 'true'), ('rparen', ')'), ('lbrace', '{'), ('id', 'temp'), ('assign', '='), ('id', 'x'), ('addsub', '+'), ('id', 'y'), ('semi', ';'), ('rbrace', '}'), ('return', 'return'), ('id', 'true'), ('semi', ';'), ('rbrace', '}')]
## state :15| token :EXPRT| action :25
---------------steps :24---------------
stack : 0, 'vtype', 5, 'id', 10, 'lparen', 14, 'ARG', 18, 'rparen', 33, 'lbrace', 41, 'vtype', 53, 'id', 62, 'assign', 15, 'EXPRT', 25
tokens : [('id', 'temp'), ('assign', '='), ('id', 'x'), ('multdiv', '*'), ('id', 'y'), ('semi', ';'), ('if', 'if'), ('lparen', '('), ('id', 'true'), ('comp', '=='), ('id', 'true'), ('rparen', ')'), ('lbrace', '{'), ('id', 'temp'), ('assign', '='), ('id', 'x'), ('addsub', '+'), ('id', 'y'), ('semi', ';'), ('rbrace', '}'), ('return', 'return'), ('id', 'true'), ('semi', ';'), ('rbrace', '}')]
## state :25| token :semi| action :r13
---------------steps :25---------------
stack : 0, 'vtype', 5, 'id', 10, 'lparen', 14, 'ARG', 18, 'rparen', 33, 'lbrace', 41, 'vtype', 53, 'id', 62, 'assign', 15, 'EXPR'
tokens : [('id', 'temp'), ('assign', '='), ('id', 'x'), ('multdiv', '*'), ('id', 'y'), ('semi', ';'), ('if', 'if'), ('lparen', '('), ('id', 'true'), ('comp', '=='), ('id', 'true'), ('rparen', ')'), ('lbrace', '{'), ('id', 'temp'), ('assign', '='), ('id', 'x'), ('addsub', '+'), ('id', 'y'), ('semi', ';'), ('rbrace', '}'), ('return', 'return'), ('id', 'true'), ('semi', ';'), ('rbrace', '}')]
## state :15| token :EXPR| action :21
---------------steps :26---------------
stack : 0, 'vtype', 5, 'id', 10, 'lparen', 14, 'ARG', 18, 'rparen', 33, 'lbrace', 41, 'vtype', 53, 'id', 62, 'assign', 15, 'EXPR', 21
tokens : [('id', 'temp'), ('assign', '='), ('id', 'x'), ('multdiv', '*'), ('id', 'y'), ('semi', ';'), ('if', 'if'), ('lparen', '('), ('id', 'true'), ('comp', '=='), ('id', 'true'), ('rparen', ')'), ('lbrace', '{'), ('id', 'temp'), ('assign', '='), ('id', 'x'), ('addsub', '+'), ('id', 'y'), ('semi', ';'), ('rbrace', '}'), ('return', 'return'), ('id', 'true'), ('semi', ';'), ('rbrace', '}')]
## state :21| token :semi| action :r8
---------------steps :27---------------
stack : 0, 'vtype', 5, 'id', 10, 'lparen', 14, 'ARG', 18, 'rparen', 33, 'lbrace', 41, 'vtype', 53, 'id', 62, 'assign', 15, 'RHS'
tokens : [('id', 'temp'), ('assign', '='), ('id', 'x'), ('multdiv', '*'), ('id', 'y'), ('semi', ';'), ('if', 'if'), ('lparen', '('), ('id', 'true'), ('comp', '=='), ('id', 'true'), ('rparen', ')'), ('lbrace', '{'), ('id', 'temp'), ('assign', '='), ('id', 'x'), ('addsub', '+'), ('id', 'y'), ('semi', ';'), ('rbrace', '}'), ('return', 'return'), ('id', 'true'), ('semi', ';'), ('rbrace', '}')]
## state :15| token :RHS| action :20
---------------steps :28---------------
stack : 0, 'vtype', 5, 'id', 10, 'lparen', 14, 'ARG', 18, 'rparen', 33, 'lbrace', 41, 'vtype', 53, 'id', 62, 'assign', 15, 'RHS', 20
tokens : [('id', 'temp'), ('assign', '='), ('id', 'x'), ('multdiv', '*'), ('id', 'y'), ('semi', ';'), ('if', 'if'), ('lparen', '('), ('id', 'true'), ('comp', '=='), ('id', 'true'), ('rparen', ')'), ('lbrace', '{'), ('id', 'temp'), ('assign', '='), ('id', 'x'), ('addsub', '+'), ('id', 'y'), ('semi', ';'), ('rbrace', '}'), ('return', 'return'), ('id', 'true'), ('semi', ';'), ('rbrace', '}')]
## state :20| token :semi| action :r7
---------------steps :29---------------
stack : 0, 'vtype', 5, 'id', 10, 'lparen', 14, 'ARG', 18, 'rparen', 33, 'lbrace', 41, 'vtype', 53, 'ASSIGN'
tokens : [('id', 'temp'), ('assign', '='), ('id', 'x'), ('multdiv', '*'), ('id', 'y'), ('semi', ';'), ('if', 'if'), ('lparen', '('), ('id', 'true'), ('comp', '=='), ('id', 'true'), ('rparen', ')'), ('lbrace', '{'), ('id', 'temp'), ('assign', '='), ('id', 'x'), ('addsub', '+'), ('id', 'y'), ('semi', ';'), ('rbrace', '}'), ('return', 'return'), ('id', 'true'), ('semi', ';'), ('rbrace', '}')]
## state :53| token :ASSIGN| action :11
---------------steps :30---------------
stack : 0, 'vtype', 5, 'id', 10, 'lparen', 14, 'ARG', 18, 'rparen', 33, 'lbrace', 41, 'vtype', 53, 'ASSIGN', 11
tokens : [('id', 'temp'), ('assign', '='), ('id', 'x'), ('multdiv', '*'), ('id', 'y'), ('semi', ';'), ('if', 'if'), ('lparen', '('), ('id', 'true'), ('comp', '=='), ('id', 'true'), ('rparen', ')'), ('lbrace', '{'), ('id', 'temp'), ('assign', '='), ('id', 'x'), ('addsub', '+'), ('id', 'y'), ('semi', ';'), ('rbrace', '}'), ('return', 'return'), ('id', 'true'), ('semi', ';'), ('rbrace', '}')]
## state :11| token :semi| action :s16
---------------steps :31---------------
stack : 0, 'vtype', 5, 'id', 10, 'lparen', 14, 'ARG', 18, 'rparen', 33, 'lbrace', 41, 'vtype', 53, 'ASSIGN', 11, 'semi', 16
tokens : [('assign', '='), ('id', 'x'), ('multdiv', '*'), ('id', 'y'), ('semi', ';'), ('if', 'if'), ('lparen', '('), ('id', 'true'), ('comp', '=='), ('id', 'true'), ('rparen', ')'), ('lbrace', '{'), ('id', 'temp'), ('assign', '='), ('id', 'x'), ('addsub', '+'), ('id', 'y'), ('semi', ';'), ('rbrace', '}'), ('return', 'return'), ('id', 'true'), ('semi', ';'), ('rbrace', '}')]
## state :16| token :id| action :r6
---------------steps :32---------------
stack : 0, 'vtype', 5, 'id', 10, 'lparen', 14, 'ARG', 18, 'rparen', 33, 'lbrace', 41, 'VDECL'
tokens : [('assign', '='), ('id', 'x'), ('multdiv', '*'), ('id', 'y'), ('semi', ';'), ('if', 'if'), ('lparen', '('), ('id', 'true'), ('comp', '=='), ('id', 'true'), ('rparen', ')'), ('lbrace', '{'), ('id', 'temp'), ('assign', '='), ('id', 'x'), ('addsub', '+'), ('id', 'y'), ('semi', ';'), ('rbrace', '}'), ('return', 'return'), ('id', 'true'), ('semi', ';'), ('rbrace', '}')]
## state :41| token :VDECL| action :49
---------------steps :33---------------
stack : 0, 'vtype', 5, 'id', 10, 'lparen', 14, 'ARG', 18, 'rparen', 33, 'lbrace', 41, 'VDECL', 49
tokens : [('assign', '='), ('id', 'x'), ('multdiv', '*'), ('id', 'y'), ('semi', ';'), ('if', 'if'), ('lparen', '('), ('id', 'true'), ('comp', '=='), ('id', 'true'), ('rparen', ')'), ('lbrace', '{'), ('id', 'temp'), ('assign', '='), ('id', 'x'), ('addsub', '+'), ('id', 'y'), ('semi', ';'), ('rbrace', '}'), ('return', 'return'), ('id', 'true'), ('semi', ';'), ('rbrace', '}')]
## state :49| token :id| action :r26
---------------steps :34---------------
stack : 0, 'vtype', 5, 'id', 10, 'lparen', 14, 'ARG', 18, 'rparen', 33, 'lbrace', 41, 'STMT'
tokens : [('assign', '='), ('id', 'x'), ('multdiv', '*'), ('id', 'y'), ('semi', ';'), ('if', 'if'), ('lparen', '('), ('id', 'true'), ('comp', '=='), ('id', 'true'), ('rparen', ')'), ('lbrace', '{'), ('id', 'temp'), ('assign', '='), ('id', 'x'), ('addsub', '+'), ('id', 'y'), ('semi', ';'), ('rbrace', '}'), ('return', 'return'), ('id', 'true'), ('semi', ';'), ('rbrace', '}')]
## state :41| token :STMT| action :48
---------------steps :35---------------
stack : 0, 'vtype', 5, 'id', 10, 'lparen', 14, 'ARG', 18, 'rparen', 33, 'lbrace', 41, 'STMT', 48
tokens : [('assign', '='), ('id', 'x'), ('multdiv', '*'), ('id', 'y'), ('semi', ';'), ('if', 'if'), ('lparen', '('), ('id', 'true'), ('comp', '=='), ('id', 'true'), ('rparen', ')'), ('lbrace', '{'), ('id', 'temp'), ('assign', '='), ('id', 'x'), ('addsub', '+'), ('id', 'y'), ('semi', ';'), ('rbrace', '}'), ('return', 'return'), ('id', 'true'), ('semi', ';'), ('rbrace', '}')]
## state :48| token :id| action :s54
---------------steps :36---------------
stack : 0, 'vtype', 5, 'id', 10, 'lparen', 14, 'ARG', 18, 'rparen', 33, 'lbrace', 41, 'STMT', 48, 'id', 54
tokens : [('id', 'x'), ('multdiv', '*'), ('id', 'y'), ('semi', ';'), ('if', 'if'), ('lparen', '('), ('id', 'true'), ('comp', '=='), ('id', 'true'), ('rparen', ')'), ('lbrace', '{'), ('id', 'temp'), ('assign', '='), ('id', 'x'), ('addsub', '+'), ('id', 'y'), ('semi', ';'), ('rbrace', '}'), ('return', 'return'), ('id', 'true'), ('semi', ';'), ('rbrace', '}')]
## state :54| token :assign| action :s15
---------------steps :37---------------
stack : 0, 'vtype', 5, 'id', 10, 'lparen', 14, 'ARG', 18, 'rparen', 33, 'lbrace', 41, 'STMT', 48, 'id', 54, 'assign', 15
tokens : [('multdiv', '*'), ('id', 'y'), ('semi', ';'), ('if', 'if'), ('lparen', '('), ('id', 'true'), ('comp', '=='), ('id', 'true'), ('rparen', ')'), ('lbrace', '{'), ('id', 'temp'), ('assign', '='), ('id', 'x'), ('addsub', '+'), ('id', 'y'), ('semi', ';'), ('rbrace', '}'), ('return', 'return'), ('id', 'true'), ('semi', ';'), ('rbrace', '}')]
## state :15| token :id| action :s28
---------------steps :38---------------
stack : 0, 'vtype', 5, 'id', 10, 'lparen', 14, 'ARG', 18, 'rparen', 33, 'lbrace', 41, 'STMT', 48, 'id', 54, 'assign', 15, 'id', 28
tokens : [('id', 'y'), ('semi', ';'), ('if', 'if'), ('lparen', '('), ('id', 'true'), ('comp', '=='), ('id', 'true'), ('rparen', ')'), ('lbrace', '{'), ('id', 'temp'), ('assign', '='), ('id', 'x'), ('addsub', '+'), ('id', 'y'), ('semi', ';'), ('rbrace', '}'), ('return', 'return'), ('id', 'true'), ('semi', ';'), ('rbrace', '}')]
## state :28| token :multdiv| action :None
